           *******************************************************
                            Listing of SPARK Text
                              Examiner GPL 2011
             Copyright (C) 2011 Altran Praxis Limited, Bath, U.K.
           *******************************************************


                        DATE : 28-NOV-2011 18:15:22.30

Line
   1  package Correct_Ballot_Box 
   2  --# own Remaining_Voters,Votes;
   3  --# initializes Remaining_Voters,Votes;
   4  is
   5  
   6     Number_Of_Options: constant Positive := 10;
   7  
   8  -- parties / candidates to choose from
   9  
  10     Number_Of_Voters: constant Positive := 1000;
  11  
  12     subtype Options is Positive range 1 .. Number_Of_Options;
  13     subtype Voters  is Natural  range 0 .. Number_Of_Voters;
  14     type Votes_Array is array(Options) of Voters;
  15  
  16     Remaining_Voters: Voters := Voters'Last;
  17     -- number of people who did not yet vote
  18  
  19     Votes : Votes_Array := Votes_Array'(others => 0);
  20  
  21  
  22     function Is_Empty return Boolean;
  23     --# global in Remaining_Voters, Votes;
  24     --# return not((Remaining_Voters = Voters'Last) and then
  25     --# (for all I in Options range Votes'Range
  26     --# => (Votes(I) /= 0)));
  27  
  28     procedure Vote_For(Vote: Options);-- with
  29  --     Pre  => Remaining_Voters > 0,
  30  --     Post => (Remaining_Voters = Remaining_Voters'Old-1) and
  31  --       (for all I in Options => (if I = Vote
  32  --                                 then Votes(I) = Votes'Old(I) +1
  33  --                                 else Votes(I) = Votes'Old(I)));
  34     --# global in out Remaining_Voters;
  35     --#                   in out Votes;
  36     --# derives Remaining_Voters from * &
  37     --#         Votes from *, Vote, Remaining_Voters;
  38     --# pre (Remaining_Voters > 0);
  39     --# post (Remaining_Voters = Remaining_Voters~-1) and then
  40     --# (for all I in Options range Votes'Range
  41     --# => ( (Votes(I) = Votes~(I) + 1) or (Votes(I) = Votes~(I)) ));
  42  
  43  end Correct_Ballot_Box;


--End of file--------------------------------------------------
