           *******************************************************
                            Listing of SPARK Text
                              Examiner GPL 2011
             Copyright (C) 2011 Altran Praxis Limited, Bath, U.K.
           *******************************************************


                        DATE : 01-FEB-2012 15:00:00.71

Line
   1  
   2  package body Gauss is
   3  
   4  	-- maximum n could be n = 46340, gaussian sum = 1073720970
   5  	procedure gauss_sum (n : in Gauss_Positive; result : out Positive) is
   6  	begin
   7  		result := (n * (n + 1)) / 2;
   8  	end gauss_sum;

+++        Flow analysis of subprogram gauss_sum performed: 
           no errors found.

   9  
  10  end Gauss;


--End of file--------------------------------------------------
